-------------------------------------------------------------------------------
Test set: org.gradoop.flink.model.impl.operators.matching.single.preserving.explorative.ExplorativeHomomorphismSetPairLoopUnrollingTest
-------------------------------------------------------------------------------
Tests run: 45, Failures: 0, Errors: 0, Skipped: 0, Time elapsed: 29.507 sec - in org.gradoop.flink.model.impl.operators.matching.single.preserving.explorative.ExplorativeHomomorphismSetPairLoopUnrollingTest
