<?xml version="1.0" encoding="UTF-8"?>
<testsuite xmlns:xsi="http://www.w3.org/2001/XMLSchema-instance" xsi:schemaLocation="https://maven.apache.org/surefire/maven-surefire-plugin/xsd/surefire-test-report.xsd" name="org.gradoop.flink.model.impl.operators.matching.single.preserving.explorative.ExplorativeHomomorphismSetPairBulkTest" time="33.806" tests="45" errors="0" skipped="0" failures="0">
  <properties>
[...]
</properties>
  <testcase name="testVariableMappingExists[0: Graph1_Chain0]" classname="org.gradoop.flink.model.impl.operators.matching.single.preserving.explorative.ExplorativeHomomorphismSetPairBulkTest" time="0.998"/>
  <testcase name="testGraphElementEquality[0: Graph1_Chain0]" classname="org.gradoop.flink.model.impl.operators.matching.single.preserving.explorative.ExplorativeHomomorphismSetPairBulkTest" time="0.915"/>
  <testcase name="testGraphElementIdEquality[0: Graph1_Chain0]" classname="org.gradoop.flink.model.impl.operators.matching.single.preserving.explorative.ExplorativeHomomorphismSetPairBulkTest" time="0.69"/>
  <testcase name="testVariableMappingExists[1: Graph1_Chain2]" classname="org.gradoop.flink.model.impl.operators.matching.single.preserving.explorative.ExplorativeHomomorphismSetPairBulkTest" time="0.022"/>
  <testcase name="testGraphElementEquality[1: Graph1_Chain2]" classname="org.gradoop.flink.model.impl.operators.matching.single.preserving.explorative.ExplorativeHomomorphismSetPairBulkTest" time="0.313"/>
  <testcase name="testGraphElementIdEquality[1: Graph1_Chain2]" classname="org.gradoop.flink.model.impl.operators.matching.single.preserving.explorative.ExplorativeHomomorphismSetPairBulkTest" time="0.526"/>
  <testcase name="testVariableMappingExists[2: Graph2_Chain3]" classname="org.gradoop.flink.model.impl.operators.matching.single.preserving.explorative.ExplorativeHomomorphismSetPairBulkTest" time="0.815"/>
  <testcase name="testGraphElementEquality[2: Graph2_Chain3]" classname="org.gradoop.flink.model.impl.operators.matching.single.preserving.explorative.ExplorativeHomomorphismSetPairBulkTest" time="0.726"/>
  <testcase name="testGraphElementIdEquality[2: Graph2_Chain3]" classname="org.gradoop.flink.model.impl.operators.matching.single.preserving.explorative.ExplorativeHomomorphismSetPairBulkTest" time="0.479"/>
  <testcase name="testVariableMappingExists[3: Graph2_Loop0]" classname="org.gradoop.flink.model.impl.operators.matching.single.preserving.explorative.ExplorativeHomomorphismSetPairBulkTest" time="0.621"/>
  <testcase name="testGraphElementEquality[3: Graph2_Loop0]" classname="org.gradoop.flink.model.impl.operators.matching.single.preserving.explorative.ExplorativeHomomorphismSetPairBulkTest" time="0.616"/>
  <testcase name="testGraphElementIdEquality[3: Graph2_Loop0]" classname="org.gradoop.flink.model.impl.operators.matching.single.preserving.explorative.ExplorativeHomomorphismSetPairBulkTest" time="0.402"/>
  <testcase name="testVariableMappingExists[4: Graph1_Cycle2]" classname="org.gradoop.flink.model.impl.operators.matching.single.preserving.explorative.ExplorativeHomomorphismSetPairBulkTest" time="0.812"/>
  <testcase name="testGraphElementEquality[4: Graph1_Cycle2]" classname="org.gradoop.flink.model.impl.operators.matching.single.preserving.explorative.ExplorativeHomomorphismSetPairBulkTest" time="0.515"/>
  <testcase name="testGraphElementIdEquality[4: Graph1_Cycle2]" classname="org.gradoop.flink.model.impl.operators.matching.single.preserving.explorative.ExplorativeHomomorphismSetPairBulkTest" time="0.566"/>
  <testcase name="testVariableMappingExists[5: Graph1_Cycle4]" classname="org.gradoop.flink.model.impl.operators.matching.single.preserving.explorative.ExplorativeHomomorphismSetPairBulkTest" time="0.82"/>
  <testcase name="testGraphElementEquality[5: Graph1_Cycle4]" classname="org.gradoop.flink.model.impl.operators.matching.single.preserving.explorative.ExplorativeHomomorphismSetPairBulkTest" time="0.778"/>
  <testcase name="testGraphElementIdEquality[5: Graph1_Cycle4]" classname="org.gradoop.flink.model.impl.operators.matching.single.preserving.explorative.ExplorativeHomomorphismSetPairBulkTest" time="0.694"/>
  <testcase name="testVariableMappingExists[6: Graph2_Cycle5]" classname="org.gradoop.flink.model.impl.operators.matching.single.preserving.explorative.ExplorativeHomomorphismSetPairBulkTest" time="1.003"/>
  <testcase name="testGraphElementEquality[6: Graph2_Cycle5]" classname="org.gradoop.flink.model.impl.operators.matching.single.preserving.explorative.ExplorativeHomomorphismSetPairBulkTest" time="0.845"/>
  <testcase name="testGraphElementIdEquality[6: Graph2_Cycle5]" classname="org.gradoop.flink.model.impl.operators.matching.single.preserving.explorative.ExplorativeHomomorphismSetPairBulkTest" time="0.737"/>
  <testcase name="testVariableMappingExists[7: Graph4_Chain4]" classname="org.gradoop.flink.model.impl.operators.matching.single.preserving.explorative.ExplorativeHomomorphismSetPairBulkTest" time="0.936"/>
  <testcase name="testGraphElementEquality[7: Graph4_Chain4]" classname="org.gradoop.flink.model.impl.operators.matching.single.preserving.explorative.ExplorativeHomomorphismSetPairBulkTest" time="1.205"/>
  <testcase name="testGraphElementIdEquality[7: Graph4_Chain4]" classname="org.gradoop.flink.model.impl.operators.matching.single.preserving.explorative.ExplorativeHomomorphismSetPairBulkTest" time="0.839"/>
  <testcase name="testVariableMappingExists[8: Graph4_Cycle6]" classname="org.gradoop.flink.model.impl.operators.matching.single.preserving.explorative.ExplorativeHomomorphismSetPairBulkTest" time="1.337"/>
  <testcase name="testGraphElementEquality[8: Graph4_Cycle6]" classname="org.gradoop.flink.model.impl.operators.matching.single.preserving.explorative.ExplorativeHomomorphismSetPairBulkTest" time="1.186"/>
  <testcase name="testGraphElementIdEquality[8: Graph4_Cycle6]" classname="org.gradoop.flink.model.impl.operators.matching.single.preserving.explorative.ExplorativeHomomorphismSetPairBulkTest" time="0.724"/>
  <testcase name="testVariableMappingExists[9: Graph5_Chain6]" classname="org.gradoop.flink.model.impl.operators.matching.single.preserving.explorative.ExplorativeHomomorphismSetPairBulkTest" time="1.305"/>
  <testcase name="testGraphElementEquality[9: Graph5_Chain6]" classname="org.gradoop.flink.model.impl.operators.matching.single.preserving.explorative.ExplorativeHomomorphismSetPairBulkTest" time="1.431"/>
  <testcase name="testGraphElementIdEquality[9: Graph5_Chain6]" classname="org.gradoop.flink.model.impl.operators.matching.single.preserving.explorative.ExplorativeHomomorphismSetPairBulkTest" time="0.721"/>
  <testcase name="testVariableMappingExists[10: Graph5_Chain7]" classname="org.gradoop.flink.model.impl.operators.matching.single.preserving.explorative.ExplorativeHomomorphismSetPairBulkTest" time="1.58"/>
  <testcase name="testGraphElementEquality[10: Graph5_Chain7]" classname="org.gradoop.flink.model.impl.operators.matching.single.preserving.explorative.ExplorativeHomomorphismSetPairBulkTest" time="1.001"/>
  <testcase name="testGraphElementIdEquality[10: Graph5_Chain7]" classname="org.gradoop.flink.model.impl.operators.matching.single.preserving.explorative.ExplorativeHomomorphismSetPairBulkTest" time="0.635"/>
  <testcase name="testVariableMappingExists[11: Graph3_Unlabeled0]" classname="org.gradoop.flink.model.impl.operators.matching.single.preserving.explorative.ExplorativeHomomorphismSetPairBulkTest" time="0.013"/>
  <testcase name="testGraphElementEquality[11: Graph3_Unlabeled0]" classname="org.gradoop.flink.model.impl.operators.matching.single.preserving.explorative.ExplorativeHomomorphismSetPairBulkTest" time="0.29"/>
  <testcase name="testGraphElementIdEquality[11: Graph3_Unlabeled0]" classname="org.gradoop.flink.model.impl.operators.matching.single.preserving.explorative.ExplorativeHomomorphismSetPairBulkTest" time="0.284"/>
  <testcase name="testVariableMappingExists[12: Graph3_Unlabeled1]" classname="org.gradoop.flink.model.impl.operators.matching.single.preserving.explorative.ExplorativeHomomorphismSetPairBulkTest" time="0.87"/>
  <testcase name="testGraphElementEquality[12: Graph3_Unlabeled1]" classname="org.gradoop.flink.model.impl.operators.matching.single.preserving.explorative.ExplorativeHomomorphismSetPairBulkTest" time="0.536"/>
  <testcase name="testGraphElementIdEquality[12: Graph3_Unlabeled1]" classname="org.gradoop.flink.model.impl.operators.matching.single.preserving.explorative.ExplorativeHomomorphismSetPairBulkTest" time="0.542"/>
  <testcase name="testVariableMappingExists[13: Graph1_Unlabeled2]" classname="org.gradoop.flink.model.impl.operators.matching.single.preserving.explorative.ExplorativeHomomorphismSetPairBulkTest" time="0.585"/>
  <testcase name="testGraphElementEquality[13: Graph1_Unlabeled2]" classname="org.gradoop.flink.model.impl.operators.matching.single.preserving.explorative.ExplorativeHomomorphismSetPairBulkTest" time="0.666"/>
  <testcase name="testGraphElementIdEquality[13: Graph1_Unlabeled2]" classname="org.gradoop.flink.model.impl.operators.matching.single.preserving.explorative.ExplorativeHomomorphismSetPairBulkTest" time="0.623"/>
  <testcase name="testVariableMappingExists[14: Graph1_Unlabeled3]" classname="org.gradoop.flink.model.impl.operators.matching.single.preserving.explorative.ExplorativeHomomorphismSetPairBulkTest" time="0.839"/>
  <testcase name="testGraphElementEquality[14: Graph1_Unlabeled3]" classname="org.gradoop.flink.model.impl.operators.matching.single.preserving.explorative.ExplorativeHomomorphismSetPairBulkTest" time="0.498"/>
  <testcase name="testGraphElementIdEquality[14: Graph1_Unlabeled3]" classname="org.gradoop.flink.model.impl.operators.matching.single.preserving.explorative.ExplorativeHomomorphismSetPairBulkTest" time="0.908"/>
</testsuite>