<?xml version="1.0" encoding="UTF-8"?>
<testsuite xmlns:xsi="http://www.w3.org/2001/XMLSchema-instance" xsi:schemaLocation="https://maven.apache.org/surefire/maven-surefire-plugin/xsd/surefire-test-report.xsd" name="org.gradoop.flink.model.impl.operators.matching.single.cypher.CypherPatternMatchingHomomorphismTest" time="16.672" tests="54" errors="0" skipped="0" failures="0">
  <properties>
[...]
</properties>
  <testcase name="testVariableMappingExists[0: Graph1_Chain0]" classname="org.gradoop.flink.model.impl.operators.matching.single.cypher.CypherPatternMatchingHomomorphismTest" time="0.468"/>
  <testcase name="testGraphElementEquality[0: Graph1_Chain0]" classname="org.gradoop.flink.model.impl.operators.matching.single.cypher.CypherPatternMatchingHomomorphismTest" time="0.382"/>
  <testcase name="testGraphElementIdEquality[0: Graph1_Chain0]" classname="org.gradoop.flink.model.impl.operators.matching.single.cypher.CypherPatternMatchingHomomorphismTest" time="0.331"/>
  <testcase name="testVariableMappingExists[1: Graph1_Chain2]" classname="org.gradoop.flink.model.impl.operators.matching.single.cypher.CypherPatternMatchingHomomorphismTest" time="0.015"/>
  <testcase name="testGraphElementEquality[1: Graph1_Chain2]" classname="org.gradoop.flink.model.impl.operators.matching.single.cypher.CypherPatternMatchingHomomorphismTest" time="0.218"/>
  <testcase name="testGraphElementIdEquality[1: Graph1_Chain2]" classname="org.gradoop.flink.model.impl.operators.matching.single.cypher.CypherPatternMatchingHomomorphismTest" time="0.197"/>
  <testcase name="testVariableMappingExists[2: Graph2_Chain3]" classname="org.gradoop.flink.model.impl.operators.matching.single.cypher.CypherPatternMatchingHomomorphismTest" time="0.401"/>
  <testcase name="testGraphElementEquality[2: Graph2_Chain3]" classname="org.gradoop.flink.model.impl.operators.matching.single.cypher.CypherPatternMatchingHomomorphismTest" time="0.24"/>
  <testcase name="testGraphElementIdEquality[2: Graph2_Chain3]" classname="org.gradoop.flink.model.impl.operators.matching.single.cypher.CypherPatternMatchingHomomorphismTest" time="0.29"/>
  <testcase name="testVariableMappingExists[3: Graph2_Loop0]" classname="org.gradoop.flink.model.impl.operators.matching.single.cypher.CypherPatternMatchingHomomorphismTest" time="0.217"/>
  <testcase name="testGraphElementEquality[3: Graph2_Loop0]" classname="org.gradoop.flink.model.impl.operators.matching.single.cypher.CypherPatternMatchingHomomorphismTest" time="0.289"/>
  <testcase name="testGraphElementIdEquality[3: Graph2_Loop0]" classname="org.gradoop.flink.model.impl.operators.matching.single.cypher.CypherPatternMatchingHomomorphismTest" time="0.219"/>
  <testcase name="testVariableMappingExists[4: Graph1_Cycle2]" classname="org.gradoop.flink.model.impl.operators.matching.single.cypher.CypherPatternMatchingHomomorphismTest" time="0.344"/>
  <testcase name="testGraphElementEquality[4: Graph1_Cycle2]" classname="org.gradoop.flink.model.impl.operators.matching.single.cypher.CypherPatternMatchingHomomorphismTest" time="0.266"/>
  <testcase name="testGraphElementIdEquality[4: Graph1_Cycle2]" classname="org.gradoop.flink.model.impl.operators.matching.single.cypher.CypherPatternMatchingHomomorphismTest" time="0.311"/>
  <testcase name="testVariableMappingExists[5: Graph1_Cycle4]" classname="org.gradoop.flink.model.impl.operators.matching.single.cypher.CypherPatternMatchingHomomorphismTest" time="0.224"/>
  <testcase name="testGraphElementEquality[5: Graph1_Cycle4]" classname="org.gradoop.flink.model.impl.operators.matching.single.cypher.CypherPatternMatchingHomomorphismTest" time="0.237"/>
  <testcase name="testGraphElementIdEquality[5: Graph1_Cycle4]" classname="org.gradoop.flink.model.impl.operators.matching.single.cypher.CypherPatternMatchingHomomorphismTest" time="0.338"/>
  <testcase name="testVariableMappingExists[6: Graph2_Cycle5]" classname="org.gradoop.flink.model.impl.operators.matching.single.cypher.CypherPatternMatchingHomomorphismTest" time="0.403"/>
  <testcase name="testGraphElementEquality[6: Graph2_Cycle5]" classname="org.gradoop.flink.model.impl.operators.matching.single.cypher.CypherPatternMatchingHomomorphismTest" time="0.396"/>
  <testcase name="testGraphElementIdEquality[6: Graph2_Cycle5]" classname="org.gradoop.flink.model.impl.operators.matching.single.cypher.CypherPatternMatchingHomomorphismTest" time="0.237"/>
  <testcase name="testVariableMappingExists[7: Graph4_Chain4]" classname="org.gradoop.flink.model.impl.operators.matching.single.cypher.CypherPatternMatchingHomomorphismTest" time="0.422"/>
  <testcase name="testGraphElementEquality[7: Graph4_Chain4]" classname="org.gradoop.flink.model.impl.operators.matching.single.cypher.CypherPatternMatchingHomomorphismTest" time="0.26"/>
  <testcase name="testGraphElementIdEquality[7: Graph4_Chain4]" classname="org.gradoop.flink.model.impl.operators.matching.single.cypher.CypherPatternMatchingHomomorphismTest" time="0.305"/>
  <testcase name="testVariableMappingExists[8: Graph4_Cycle6]" classname="org.gradoop.flink.model.impl.operators.matching.single.cypher.CypherPatternMatchingHomomorphismTest" time="0.466"/>
  <testcase name="testGraphElementEquality[8: Graph4_Cycle6]" classname="org.gradoop.flink.model.impl.operators.matching.single.cypher.CypherPatternMatchingHomomorphismTest" time="0.348"/>
  <testcase name="testGraphElementIdEquality[8: Graph4_Cycle6]" classname="org.gradoop.flink.model.impl.operators.matching.single.cypher.CypherPatternMatchingHomomorphismTest" time="0.252"/>
  <testcase name="testVariableMappingExists[9: Graph5_Chain6]" classname="org.gradoop.flink.model.impl.operators.matching.single.cypher.CypherPatternMatchingHomomorphismTest" time="0.398"/>
  <testcase name="testGraphElementEquality[9: Graph5_Chain6]" classname="org.gradoop.flink.model.impl.operators.matching.single.cypher.CypherPatternMatchingHomomorphismTest" time="0.251"/>
  <testcase name="testGraphElementIdEquality[9: Graph5_Chain6]" classname="org.gradoop.flink.model.impl.operators.matching.single.cypher.CypherPatternMatchingHomomorphismTest" time="0.317"/>
  <testcase name="testVariableMappingExists[10: Graph5_Chain7]" classname="org.gradoop.flink.model.impl.operators.matching.single.cypher.CypherPatternMatchingHomomorphismTest" time="0.21"/>
  <testcase name="testGraphElementEquality[10: Graph5_Chain7]" classname="org.gradoop.flink.model.impl.operators.matching.single.cypher.CypherPatternMatchingHomomorphismTest" time="0.284"/>
  <testcase name="testGraphElementIdEquality[10: Graph5_Chain7]" classname="org.gradoop.flink.model.impl.operators.matching.single.cypher.CypherPatternMatchingHomomorphismTest" time="0.208"/>
  <testcase name="testVariableMappingExists[11: Graph3_Unlabeled0]" classname="org.gradoop.flink.model.impl.operators.matching.single.cypher.CypherPatternMatchingHomomorphismTest" time="0.009"/>
  <testcase name="testGraphElementEquality[11: Graph3_Unlabeled0]" classname="org.gradoop.flink.model.impl.operators.matching.single.cypher.CypherPatternMatchingHomomorphismTest" time="0.175"/>
  <testcase name="testGraphElementIdEquality[11: Graph3_Unlabeled0]" classname="org.gradoop.flink.model.impl.operators.matching.single.cypher.CypherPatternMatchingHomomorphismTest" time="0.206"/>
  <testcase name="testVariableMappingExists[12: Graph3_Unlabeled1]" classname="org.gradoop.flink.model.impl.operators.matching.single.cypher.CypherPatternMatchingHomomorphismTest" time="0.325"/>
  <testcase name="testGraphElementEquality[12: Graph3_Unlabeled1]" classname="org.gradoop.flink.model.impl.operators.matching.single.cypher.CypherPatternMatchingHomomorphismTest" time="0.272"/>
  <testcase name="testGraphElementIdEquality[12: Graph3_Unlabeled1]" classname="org.gradoop.flink.model.impl.operators.matching.single.cypher.CypherPatternMatchingHomomorphismTest" time="0.361"/>
  <testcase name="testVariableMappingExists[13: Graph1_Unlabeled2]" classname="org.gradoop.flink.model.impl.operators.matching.single.cypher.CypherPatternMatchingHomomorphismTest" time="0.506"/>
  <testcase name="testGraphElementEquality[13: Graph1_Unlabeled2]" classname="org.gradoop.flink.model.impl.operators.matching.single.cypher.CypherPatternMatchingHomomorphismTest" time="0.278"/>
  <testcase name="testGraphElementIdEquality[13: Graph1_Unlabeled2]" classname="org.gradoop.flink.model.impl.operators.matching.single.cypher.CypherPatternMatchingHomomorphismTest" time="0.257"/>
  <testcase name="testVariableMappingExists[14: Graph1_Unlabeled3]" classname="org.gradoop.flink.model.impl.operators.matching.single.cypher.CypherPatternMatchingHomomorphismTest" time="0.507"/>
  <testcase name="testGraphElementEquality[14: Graph1_Unlabeled3]" classname="org.gradoop.flink.model.impl.operators.matching.single.cypher.CypherPatternMatchingHomomorphismTest" time="0.412"/>
  <testcase name="testGraphElementIdEquality[14: Graph1_Unlabeled3]" classname="org.gradoop.flink.model.impl.operators.matching.single.cypher.CypherPatternMatchingHomomorphismTest" time="0.204"/>
  <testcase name="testVariableMappingExists[15: Graph2_VarLength2]" classname="org.gradoop.flink.model.impl.operators.matching.single.cypher.CypherPatternMatchingHomomorphismTest" time="0.418"/>
  <testcase name="testGraphElementEquality[15: Graph2_VarLength2]" classname="org.gradoop.flink.model.impl.operators.matching.single.cypher.CypherPatternMatchingHomomorphismTest" time="0.42"/>
  <testcase name="testGraphElementIdEquality[15: Graph2_VarLength2]" classname="org.gradoop.flink.model.impl.operators.matching.single.cypher.CypherPatternMatchingHomomorphismTest" time="0.275"/>
  <testcase name="testVariableMappingExists[16: Graph3_VarLength3]" classname="org.gradoop.flink.model.impl.operators.matching.single.cypher.CypherPatternMatchingHomomorphismTest" time="0.399"/>
  <testcase name="testGraphElementEquality[16: Graph3_VarLength3]" classname="org.gradoop.flink.model.impl.operators.matching.single.cypher.CypherPatternMatchingHomomorphismTest" time="0.366"/>
  <testcase name="testGraphElementIdEquality[16: Graph3_VarLength3]" classname="org.gradoop.flink.model.impl.operators.matching.single.cypher.CypherPatternMatchingHomomorphismTest" time="0.264"/>
  <testcase name="testVariableMappingExists[17: Graph2_VarLength4]" classname="org.gradoop.flink.model.impl.operators.matching.single.cypher.CypherPatternMatchingHomomorphismTest" time="0.336"/>
  <testcase name="testGraphElementEquality[17: Graph2_VarLength4]" classname="org.gradoop.flink.model.impl.operators.matching.single.cypher.CypherPatternMatchingHomomorphismTest" time="0.372"/>
  <testcase name="testGraphElementIdEquality[17: Graph2_VarLength4]" classname="org.gradoop.flink.model.impl.operators.matching.single.cypher.CypherPatternMatchingHomomorphismTest" time="0.247"/>
</testsuite>